This is pdfTeX, Version 3.14159265-2.6-1.40.17 (TeX Live 2016) (preloaded format=pdflatex 2017.1.21)  3 FEB 2017 15:14
entering extended mode
 restricted \write18 enabled.
 %&-line parsing enabled.
**aspmi.tex
(./aspmi.tex
LaTeX2e <2016/03/31>
Babel <3.9r> and hyphenation patterns for 83 language(s) loaded.
(/usr/local/texlive/2016/texmf-dist/tex/latex/base/report.cls
Document Class: report 2014/09/29 v1.4h Standard LaTeX document class
(/usr/local/texlive/2016/texmf-dist/tex/latex/base/size10.clo
File: size10.clo 2014/09/29 v1.4h Standard LaTeX file (size option)
)
\c@part=\count79
\c@chapter=\count80
\c@section=\count81
\c@subsection=\count82
\c@subsubsection=\count83
\c@paragraph=\count84
\c@subparagraph=\count85
\c@figure=\count86
\c@table=\count87
\abovecaptionskip=\skip41
\belowcaptionskip=\skip42
\bibindent=\dimen102
)
(/usr/local/texlive/2016/texmf-dist/tex/latex/geometry/geometry.sty
Package: geometry 2010/09/12 v5.6 Page Geometry

(/usr/local/texlive/2016/texmf-dist/tex/latex/graphics/keyval.sty
Package: keyval 2014/10/28 v1.15 key=value parser (DPC)
\KV@toks@=\toks14
)
(/usr/local/texlive/2016/texmf-dist/tex/generic/oberdiek/ifpdf.sty
Package: ifpdf 2016/05/14 v3.1 Provides the ifpdf switch
)
(/usr/local/texlive/2016/texmf-dist/tex/generic/oberdiek/ifvtex.sty
Package: ifvtex 2016/05/16 v1.6 Detect VTeX and its facilities (HO)
Package ifvtex Info: VTeX not detected.
)
(/usr/local/texlive/2016/texmf-dist/tex/generic/ifxetex/ifxetex.sty
Package: ifxetex 2010/09/12 v0.6 Provides ifxetex conditional
)
\Gm@cnth=\count88
\Gm@cntv=\count89
\c@Gm@tempcnt=\count90
\Gm@bindingoffset=\dimen103
\Gm@wd@mp=\dimen104
\Gm@odd@mp=\dimen105
\Gm@even@mp=\dimen106
\Gm@layoutwidth=\dimen107
\Gm@layoutheight=\dimen108
\Gm@layouthoffset=\dimen109
\Gm@layoutvoffset=\dimen110
\Gm@dimlist=\toks15
)
(/usr/local/texlive/2016/texmf-dist/tex/latex/graphics/graphicx.sty
Package: graphicx 2014/10/28 v1.0g Enhanced LaTeX Graphics (DPC,SPQR)

(/usr/local/texlive/2016/texmf-dist/tex/latex/graphics/graphics.sty
Package: graphics 2016/05/09 v1.0r Standard LaTeX Graphics (DPC,SPQR)

(/usr/local/texlive/2016/texmf-dist/tex/latex/graphics/trig.sty
Package: trig 2016/01/03 v1.10 sin cos tan (DPC)
)
(/usr/local/texlive/2016/texmf-dist/tex/latex/graphics-cfg/graphics.cfg
File: graphics.cfg 2016/01/02 v1.10 sample graphics configuration
)
Package graphics Info: Driver file: pdftex.def on input line 96.

(/usr/local/texlive/2016/texmf-dist/tex/latex/pdftex-def/pdftex.def
File: pdftex.def 2011/05/27 v0.06d Graphics/color for pdfTeX

(/usr/local/texlive/2016/texmf-dist/tex/generic/oberdiek/infwarerr.sty
Package: infwarerr 2016/05/16 v1.4 Providing info/warning/error messages (HO)
)
(/usr/local/texlive/2016/texmf-dist/tex/generic/oberdiek/ltxcmds.sty
Package: ltxcmds 2016/05/16 v1.23 LaTeX kernel commands for general use (HO)
)
\Gread@gobject=\count91
))
\Gin@req@height=\dimen111
\Gin@req@width=\dimen112
)
(/usr/local/texlive/2016/texmf-dist/tex/latex/float/float.sty
Package: float 2001/11/08 v1.3d Float enhancements (AL)
\c@float@type=\count92
\float@exts=\toks16
\float@box=\box26
\@float@everytoks=\toks17
\@floatcapt=\box27
) (./aspmi.aux
(./tex/title.aux) (./tex/contentspage.aux) (./tex/part1.aux))
\openout1 = `aspmi.aux'.

LaTeX Font Info:    Checking defaults for OML/cmm/m/it on input line 15.
LaTeX Font Info:    ... okay on input line 15.
LaTeX Font Info:    Checking defaults for T1/cmr/m/n on input line 15.
LaTeX Font Info:    ... okay on input line 15.
LaTeX Font Info:    Checking defaults for OT1/cmr/m/n on input line 15.
LaTeX Font Info:    ... okay on input line 15.
LaTeX Font Info:    Checking defaults for OMS/cmsy/m/n on input line 15.
LaTeX Font Info:    ... okay on input line 15.
LaTeX Font Info:    Checking defaults for OMX/cmex/m/n on input line 15.
LaTeX Font Info:    ... okay on input line 15.
LaTeX Font Info:    Checking defaults for U/cmr/m/n on input line 15.
LaTeX Font Info:    ... okay on input line 15.

*geometry* driver: auto-detecting
*geometry* detected driver: pdftex
*geometry* verbose mode - [ preamble ] result:
* driver: pdftex
* paper: <default>
* layout: <same size as paper>
* layoutoffset:(h,v)=(0.0pt,0.0pt)
* modes: 
* h-part:(L,W,R)=(92.14519pt, 430.00462pt, 92.14519pt)
* v-part:(T,H,B)=(95.39737pt, 556.47656pt, 143.09605pt)
* \paperwidth=614.295pt
* \paperheight=794.96999pt
* \textwidth=430.00462pt
* \textheight=556.47656pt
* \oddsidemargin=19.8752pt
* \evensidemargin=19.8752pt
* \topmargin=-13.87262pt
* \headheight=12.0pt
* \headsep=25.0pt
* \topskip=10.0pt
* \footskip=30.0pt
* \marginparwidth=65.0pt
* \marginparsep=11.0pt
* \columnsep=10.0pt
* \skip\footins=9.0pt plus 4.0pt minus 2.0pt
* \hoffset=0.0pt
* \voffset=0.0pt
* \mag=1000
* \@twocolumnfalse
* \@twosidefalse
* \@mparswitchfalse
* \@reversemarginfalse
* (1in=72.27pt=25.4mm, 1cm=28.453pt)

(/usr/local/texlive/2016/texmf-dist/tex/context/base/mkii/supp-pdf.mkii
[Loading MPS to PDF converter (version 2006.09.02).]
\scratchcounter=\count93
\scratchdimen=\dimen113
\scratchbox=\box28
\nofMPsegments=\count94
\nofMParguments=\count95
\everyMPshowfont=\toks18
\MPscratchCnt=\count96
\MPscratchDim=\dimen114
\MPnumerator=\count97
\makeMPintoPDFobject=\count98
\everyMPtoPDFconversion=\toks19
) (/usr/local/texlive/2016/texmf-dist/tex/generic/oberdiek/pdftexcmds.sty
Package: pdftexcmds 2016/05/10 v0.21 Utility functions of pdfTeX for LuaTeX (HO
)

(/usr/local/texlive/2016/texmf-dist/tex/generic/oberdiek/ifluatex.sty
Package: ifluatex 2016/05/16 v1.4 Provides the ifluatex switch (HO)
Package ifluatex Info: LuaTeX not detected.
)
Package pdftexcmds Info: LuaTeX not detected.
Package pdftexcmds Info: \pdf@primitive is available.
Package pdftexcmds Info: \pdf@ifprimitive is available.
Package pdftexcmds Info: \pdfdraftmode found.
)
(/usr/local/texlive/2016/texmf-dist/tex/latex/oberdiek/epstopdf-base.sty
Package: epstopdf-base 2016/05/15 v2.6 Base part for package epstopdf

(/usr/local/texlive/2016/texmf-dist/tex/latex/oberdiek/grfext.sty
Package: grfext 2016/05/16 v1.2 Manage graphics extensions (HO)

(/usr/local/texlive/2016/texmf-dist/tex/generic/oberdiek/kvdefinekeys.sty
Package: kvdefinekeys 2016/05/16 v1.4 Define keys (HO)
))
(/usr/local/texlive/2016/texmf-dist/tex/latex/oberdiek/kvoptions.sty
Package: kvoptions 2016/05/16 v3.12 Key value format for package options (HO)

(/usr/local/texlive/2016/texmf-dist/tex/generic/oberdiek/kvsetkeys.sty
Package: kvsetkeys 2016/05/16 v1.17 Key value parser (HO)

(/usr/local/texlive/2016/texmf-dist/tex/generic/oberdiek/etexcmds.sty
Package: etexcmds 2016/05/16 v1.6 Avoid name clashes with e-TeX commands (HO)
Package etexcmds Info: Could not find \expanded.
(etexcmds)             That can mean that you are not using pdfTeX 1.50 or
(etexcmds)             that some package has redefined \expanded.
(etexcmds)             In the latter case, load this package earlier.
)))
Package grfext Info: Graphics extension search list:
(grfext)             [.png,.pdf,.jpg,.mps,.jpeg,.jbig2,.jb2,.PNG,.PDF,.JPG,.JPE
G,.JBIG2,.JB2,.eps]
(grfext)             \AppendGraphicsExtensions on input line 456.

(/usr/local/texlive/2016/texmf-dist/tex/latex/latexconfig/epstopdf-sys.cfg
File: epstopdf-sys.cfg 2010/07/13 v1.3 Configuration of (r)epstopdf for TeX Liv
e
))
\openout2 = `tex/part1.aux'.


(./tex/part1.tex
Package epstopdf Info: Source file: <images/part1/ideal_magnitude_spectrum_20hz
_sine_wave.eps>
(epstopdf)                    date: 2017-02-03 14:35:43
(epstopdf)                    size: 124906 bytes
(epstopdf)             Output file: <images/part1/ideal_magnitude_spectrum_20hz
_sine_wave-eps-converted-to.pdf>
(epstopdf)                    date: 2017-02-03 14:35:57
(epstopdf)                    size: 9624 bytes
(epstopdf)             Command: <repstopdf --outfile=images/part1/ideal_magnitu
de_spectrum_20hz_sine_wave-eps-converted-to.pdf images/part1/ideal_magnitude_sp
ectrum_20hz_sine_wave.eps>
(epstopdf)             \includegraphics on input line 3.
Package epstopdf Info: Output file is already uptodate.

<images/part1/ideal_magnitude_spectrum_20hz_sine_wave-eps-converted-to.pdf, id=
1, 857.2025pt x 668.4975pt>
File: images/part1/ideal_magnitude_spectrum_20hz_sine_wave-eps-converted-to.pdf
 Graphic file (type pdf)

<use images/part1/ideal_magnitude_spectrum_20hz_sine_wave-eps-converted-to.pdf>
Package pdftex.def Info: images/part1/ideal_magnitude_spectrum_20hz_sine_wave-e
ps-converted-to.pdf used on input line 3.
(pdftex.def)             Requested size: 210.70462pt x 164.31883pt.
Package epstopdf Info: Source file: <images/part1/theoretical_magnitude_spectru
m_windowed_20hz_sine_wave.eps>
(epstopdf)                    date: 2017-02-03 14:32:13
(epstopdf)                    size: 131832 bytes
(epstopdf)             Output file: <images/part1/theoretical_magnitude_spectru
m_windowed_20hz_sine_wave-eps-converted-to.pdf>
(epstopdf)                    date: 2017-02-03 14:33:03
(epstopdf)                    size: 45069 bytes
(epstopdf)             Command: <repstopdf --outfile=images/part1/theoretical_m
agnitude_spectrum_windowed_20hz_sine_wave-eps-converted-to.pdf images/part1/the
oretical_magnitude_spectrum_windowed_20hz_sine_wave.eps>
(epstopdf)             \includegraphics on input line 4.
Package epstopdf Info: Output file is already uptodate.

<images/part1/theoretical_magnitude_spectrum_windowed_20hz_sine_wave-eps-conver
ted-to.pdf, id=2, 857.2025pt x 668.4975pt>
File: images/part1/theoretical_magnitude_spectrum_windowed_20hz_sine_wave-eps-c
onverted-to.pdf Graphic file (type pdf)

<use images/part1/theoretical_magnitude_spectrum_windowed_20hz_sine_wave-eps-co
nverted-to.pdf>
Package pdftex.def Info: images/part1/theoretical_magnitude_spectrum_windowed_2
0hz_sine_wave-eps-converted-to.pdf used on input line 4.
(pdftex.def)             Requested size: 210.70462pt x 164.31883pt.
Package epstopdf Info: Source file: <images/part1/dft_spectra_f_20_n_100_Fs_100
0_k_100.eps>
(epstopdf)                    date: 2017-02-03 14:32:41
(epstopdf)                    size: 28777 bytes
(epstopdf)             Output file: <images/part1/dft_spectra_f_20_n_100_Fs_100
0_k_100-eps-converted-to.pdf>
(epstopdf)                    date: 2017-02-03 14:33:03
(epstopdf)                    size: 10095 bytes
(epstopdf)             Command: <repstopdf --outfile=images/part1/dft_spectra_f
_20_n_100_Fs_1000_k_100-eps-converted-to.pdf images/part1/dft_spectra_f_20_n_10
0_Fs_1000_k_100.eps>
(epstopdf)             \includegraphics on input line 11.
Package epstopdf Info: Output file is already uptodate.

<images/part1/dft_spectra_f_20_n_100_Fs_1000_k_100-eps-converted-to.pdf, id=3, 
861.2175pt x 668.4975pt>
File: images/part1/dft_spectra_f_20_n_100_Fs_1000_k_100-eps-converted-to.pdf Gr
aphic file (type pdf)

<use images/part1/dft_spectra_f_20_n_100_Fs_1000_k_100-eps-converted-to.pdf>
Package pdftex.def Info: images/part1/dft_spectra_f_20_n_100_Fs_1000_k_100-eps-
converted-to.pdf used on input line 11.
(pdftex.def)             Requested size: 210.70462pt x 163.5538pt.
Package epstopdf Info: Source file: <images/part1/dft_spectra_f_20_n_100_Fs_100
0_k_1000.eps>
(epstopdf)                    date: 2017-02-03 14:32:45
(epstopdf)                    size: 85083 bytes
(epstopdf)             Output file: <images/part1/dft_spectra_f_20_n_100_Fs_100
0_k_1000-eps-converted-to.pdf>
(epstopdf)                    date: 2017-02-03 14:33:04
(epstopdf)                    size: 17059 bytes
(epstopdf)             Command: <repstopdf --outfile=images/part1/dft_spectra_f
_20_n_100_Fs_1000_k_1000-eps-converted-to.pdf images/part1/dft_spectra_f_20_n_1
00_Fs_1000_k_1000.eps>
(epstopdf)             \includegraphics on input line 12.
Package epstopdf Info: Output file is already uptodate.

<images/part1/dft_spectra_f_20_n_100_Fs_1000_k_1000-eps-converted-to.pdf, id=4,
 861.2175pt x 668.4975pt>
File: images/part1/dft_spectra_f_20_n_100_Fs_1000_k_1000-eps-converted-to.pdf G
raphic file (type pdf)

<use images/part1/dft_spectra_f_20_n_100_Fs_1000_k_1000-eps-converted-to.pdf>
Package pdftex.def Info: images/part1/dft_spectra_f_20_n_100_Fs_1000_k_1000-eps
-converted-to.pdf used on input line 12.
(pdftex.def)             Requested size: 210.70462pt x 163.5538pt.
Package epstopdf Info: Source file: <images/part1/dft_spectra_f_24_n_100_Fs_100
0_k_100.eps>
(epstopdf)                    date: 2017-02-03 14:32:50
(epstopdf)                    size: 29157 bytes
(epstopdf)             Output file: <images/part1/dft_spectra_f_24_n_100_Fs_100
0_k_100-eps-converted-to.pdf>
(epstopdf)                    date: 2017-02-03 14:33:05
(epstopdf)                    size: 10385 bytes
(epstopdf)             Command: <repstopdf --outfile=images/part1/dft_spectra_f
_24_n_100_Fs_1000_k_100-eps-converted-to.pdf images/part1/dft_spectra_f_24_n_10
0_Fs_1000_k_100.eps>
(epstopdf)             \includegraphics on input line 18.
Package epstopdf Info: Output file is already uptodate.

<images/part1/dft_spectra_f_24_n_100_Fs_1000_k_100-eps-converted-to.pdf, id=5, 
861.2175pt x 668.4975pt>
File: images/part1/dft_spectra_f_24_n_100_Fs_1000_k_100-eps-converted-to.pdf Gr
aphic file (type pdf)

<use images/part1/dft_spectra_f_24_n_100_Fs_1000_k_100-eps-converted-to.pdf>
Package pdftex.def Info: images/part1/dft_spectra_f_24_n_100_Fs_1000_k_100-eps-
converted-to.pdf used on input line 18.
(pdftex.def)             Requested size: 210.70462pt x 163.5538pt.
Package epstopdf Info: Source file: <images/part1/dft_spectra_f_24_n_100_Fs_100
0_k_1000.eps>
(epstopdf)                    date: 2017-02-03 14:32:54
(epstopdf)                    size: 85451 bytes
(epstopdf)             Output file: <images/part1/dft_spectra_f_24_n_100_Fs_100
0_k_1000-eps-converted-to.pdf>
(epstopdf)                    date: 2017-02-03 14:33:05
(epstopdf)                    size: 17634 bytes
(epstopdf)             Command: <repstopdf --outfile=images/part1/dft_spectra_f
_24_n_100_Fs_1000_k_1000-eps-converted-to.pdf images/part1/dft_spectra_f_24_n_1
00_Fs_1000_k_1000.eps>
(epstopdf)             \includegraphics on input line 19.
Package epstopdf Info: Output file is already uptodate.

<images/part1/dft_spectra_f_24_n_100_Fs_1000_k_1000-eps-converted-to.pdf, id=6,
 861.2175pt x 668.4975pt>
File: images/part1/dft_spectra_f_24_n_100_Fs_1000_k_1000-eps-converted-to.pdf G
raphic file (type pdf)

<use images/part1/dft_spectra_f_24_n_100_Fs_1000_k_1000-eps-converted-to.pdf>
Package pdftex.def Info: images/part1/dft_spectra_f_24_n_100_Fs_1000_k_1000-eps
-converted-to.pdf used on input line 19.
(pdftex.def)             Requested size: 210.70462pt x 163.5538pt.

[2




{/usr/local/texlive/2016/texmf-var/fonts/map/pdftex/updmap/pdftex.map} <./image
s/part1/ideal_magnitude_spectrum_20hz_sine_wave-eps-converted-to.pdf> <./images
/part1/theoretical_magnitude_spectrum_windowed_20hz_sine_wave-eps-converted-to.
pdf> <./images/part1/dft_spectra_f_20_n_100_Fs_1000_k_100-eps-converted-to.pdf>
 <./images/part1/dft_spectra_f_20_n_100_Fs_1000_k_1000-eps-converted-to.pdf>]
Package epstopdf Info: Source file: <images/part1/dft_spectra_acf_m_10_l_20.eps
>
(epstopdf)                    date: 2017-02-03 14:32:34
(epstopdf)                    size: 23088 bytes
(epstopdf)             Output file: <images/part1/dft_spectra_acf_m_10_l_20-eps
-converted-to.pdf>
(epstopdf)                    date: 2017-02-03 14:33:06
(epstopdf)                    size: 9220 bytes
(epstopdf)             Command: <repstopdf --outfile=images/part1/dft_spectra_a
cf_m_10_l_20-eps-converted-to.pdf images/part1/dft_spectra_acf_m_10_l_20.eps>
(epstopdf)             \includegraphics on input line 25.
Package epstopdf Info: Output file is already uptodate.

<images/part1/dft_spectra_acf_m_10_l_20-eps-converted-to.pdf, id=45, 844.15375p
t x 667.49374pt>
File: images/part1/dft_spectra_acf_m_10_l_20-eps-converted-to.pdf Graphic file 
(type pdf)

<use images/part1/dft_spectra_acf_m_10_l_20-eps-converted-to.pdf>
Package pdftex.def Info: images/part1/dft_spectra_acf_m_10_l_20-eps-converted-t
o.pdf used on input line 25.
(pdftex.def)             Requested size: 210.70462pt x 166.60822pt.
Package epstopdf Info: Source file: <images/part1/dft_spectra_acf_m_10_l_256.ep
s>
(epstopdf)                    date: 2017-02-03 14:32:30
(epstopdf)                    size: 36366 bytes
(epstopdf)             Output file: <images/part1/dft_spectra_acf_m_10_l_256-ep
s-converted-to.pdf>
(epstopdf)                    date: 2017-02-03 14:33:06
(epstopdf)                    size: 11504 bytes
(epstopdf)             Command: <repstopdf --outfile=images/part1/dft_spectra_a
cf_m_10_l_256-eps-converted-to.pdf images/part1/dft_spectra_acf_m_10_l_256.eps>

(epstopdf)             \includegraphics on input line 26.
Package epstopdf Info: Output file is already uptodate.

<images/part1/dft_spectra_acf_m_10_l_256-eps-converted-to.pdf, id=46, 850.17625
pt x 667.49374pt>
File: images/part1/dft_spectra_acf_m_10_l_256-eps-converted-to.pdf Graphic file
 (type pdf)

<use images/part1/dft_spectra_acf_m_10_l_256-eps-converted-to.pdf>
Package pdftex.def Info: images/part1/dft_spectra_acf_m_10_l_256-eps-converted-
to.pdf used on input line 26.
(pdftex.def)             Requested size: 210.70462pt x 165.42674pt.
Package epstopdf Info: Source file: <images/part1/dft_spectra_acf_m_128_l_256.e
ps>
(epstopdf)                    date: 2017-02-03 14:32:25
(epstopdf)                    size: 35864 bytes
(epstopdf)             Output file: <images/part1/dft_spectra_acf_m_128_l_256-e
ps-converted-to.pdf>
(epstopdf)                    date: 2017-02-03 14:33:07
(epstopdf)                    size: 10967 bytes
(epstopdf)             Command: <repstopdf --outfile=images/part1/dft_spectra_a
cf_m_128_l_256-eps-converted-to.pdf images/part1/dft_spectra_acf_m_128_l_256.ep
s>
(epstopdf)             \includegraphics on input line 27.
Package epstopdf Info: Output file is already uptodate.

<images/part1/dft_spectra_acf_m_128_l_256-eps-converted-to.pdf, id=47, 861.2175
pt x 667.49374pt>
File: images/part1/dft_spectra_acf_m_128_l_256-eps-converted-to.pdf Graphic fil
e (type pdf)

<use images/part1/dft_spectra_acf_m_128_l_256-eps-converted-to.pdf>
Package pdftex.def Info: images/part1/dft_spectra_acf_m_128_l_256-eps-converted
-to.pdf used on input line 27.
(pdftex.def)             Requested size: 210.70462pt x 163.30823pt.
Package epstopdf Info: Source file: <images/part1/dft_spectra_acf_m_128_l_2048.
eps>
(epstopdf)                    date: 2017-02-03 14:32:21
(epstopdf)                    size: 149574 bytes
(epstopdf)             Output file: <images/part1/dft_spectra_acf_m_128_l_2048-
eps-converted-to.pdf>
(epstopdf)                    date: 2017-02-03 14:33:07
(epstopdf)                    size: 23504 bytes
(epstopdf)             Command: <repstopdf --outfile=images/part1/dft_spectra_a
cf_m_128_l_2048-eps-converted-to.pdf images/part1/dft_spectra_acf_m_128_l_2048.
eps>
(epstopdf)             \includegraphics on input line 28.
Package epstopdf Info: Output file is already uptodate.

<images/part1/dft_spectra_acf_m_128_l_2048-eps-converted-to.pdf, id=48, 866.236
25pt x 667.49374pt>
File: images/part1/dft_spectra_acf_m_128_l_2048-eps-converted-to.pdf Graphic fi
le (type pdf)

<use images/part1/dft_spectra_acf_m_128_l_2048-eps-converted-to.pdf>
Package pdftex.def Info: images/part1/dft_spectra_acf_m_128_l_2048-eps-converte
d-to.pdf used on input line 28.
(pdftex.def)             Requested size: 210.70462pt x 162.36101pt.
 [3 <./images/part1/dft_spectra_f_24_n_100_Fs_1000_k_100-eps-converted-to.pdf> 
<./images/part1/dft_spectra_f_24_n_100_Fs_1000_k_1000-eps-converted-to.pdf>]
Package epstopdf Info: Source file: <images/part1/dft_spectra_acf_x_real.eps>
(epstopdf)                    date: 2017-02-03 15:11:55
(epstopdf)                    size: 26977 bytes
(epstopdf)             Output file: <images/part1/dft_spectra_acf_x_real-eps-co
nverted-to.pdf>
(epstopdf)                    date: 2017-02-03 15:12:04
(epstopdf)                    size: 9713 bytes
(epstopdf)             Command: <repstopdf --outfile=images/part1/dft_spectra_a
cf_x_real-eps-converted-to.pdf images/part1/dft_spectra_acf_x_real.eps>
(epstopdf)             \includegraphics on input line 35.
Package epstopdf Info: Output file is already uptodate.

<images/part1/dft_spectra_acf_x_real-eps-converted-to.pdf, id=68, 852.18375pt x
 668.4975pt>
File: images/part1/dft_spectra_acf_x_real-eps-converted-to.pdf Graphic file (ty
pe pdf)
 <use images/part1/dft_spectra_acf_x_real-eps-converted-to.pdf>
Package pdftex.def Info: images/part1/dft_spectra_acf_x_real-eps-converted-to.p
df used on input line 35.
(pdftex.def)             Requested size: 210.70462pt x 165.28787pt.
Package epstopdf Info: Source file: <images/part1/dft_spectra_acf_x_imag.eps>
(epstopdf)                    date: 2017-02-03 15:11:41
(epstopdf)                    size: 28494 bytes
(epstopdf)             Output file: <images/part1/dft_spectra_acf_x_imag-eps-co
nverted-to.pdf>
(epstopdf)                    date: 2017-02-03 15:12:05
(epstopdf)                    size: 10415 bytes
(epstopdf)             Command: <repstopdf --outfile=images/part1/dft_spectra_a
cf_x_imag-eps-converted-to.pdf images/part1/dft_spectra_acf_x_imag.eps>
(epstopdf)             \includegraphics on input line 36.
Package epstopdf Info: Output file is already uptodate.

<images/part1/dft_spectra_acf_x_imag-eps-converted-to.pdf, id=69, 857.2025pt x 
668.4975pt>
File: images/part1/dft_spectra_acf_x_imag-eps-converted-to.pdf Graphic file (ty
pe pdf)
 <use images/part1/dft_spectra_acf_x_imag-eps-converted-to.pdf>
Package pdftex.def Info: images/part1/dft_spectra_acf_x_imag-eps-converted-to.p
df used on input line 36.
(pdftex.def)             Requested size: 210.70462pt x 164.31883pt.

[4 <./images/part1/dft_spectra_acf_m_10_l_20-eps-converted-to.pdf> <./images/pa
rt1/dft_spectra_acf_m_10_l_256-eps-converted-to.pdf> <./images/part1/dft_spectr
a_acf_m_128_l_256-eps-converted-to.pdf> <./images/part1/dft_spectra_acf_m_128_l
_2048-eps-converted-to.pdf>]
Package epstopdf Info: Source file: <images/part1/dft_spectra_acf_z_real.eps>
(epstopdf)                    date: 2017-02-03 15:14:33
(epstopdf)                    size: 26963 bytes
(epstopdf)             Output file: <images/part1/dft_spectra_acf_z_real-eps-co
nverted-to.pdf>
(epstopdf)                    date: 2017-02-03 15:13:57
(epstopdf)                    size: 9698 bytes
(epstopdf)             Command: <repstopdf --outfile=images/part1/dft_spectra_a
cf_z_real-eps-converted-to.pdf images/part1/dft_spectra_acf_z_real.eps>
(epstopdf)             \includegraphics on input line 43.
runsystem(repstopdf --outfile=images/part1/dft_spectra_acf_z_real-eps-converted
-to.pdf images/part1/dft_spectra_acf_z_real.eps)...executed safely (allowed).

Package epstopdf Info: Result file: <images/part1/dft_spectra_acf_z_real-eps-co
nverted-to.pdf>
(epstopdf)                    date: 2017-02-03 15:14:44
(epstopdf)                    size: 9673 bytes.

<images/part1/dft_spectra_acf_z_real-eps-converted-to.pdf, id=105, 852.18375pt 
x 668.4975pt>
File: images/part1/dft_spectra_acf_z_real-eps-converted-to.pdf Graphic file (ty
pe pdf)
 <use images/part1/dft_spectra_acf_z_real-eps-converted-to.pdf>
Package pdftex.def Info: images/part1/dft_spectra_acf_z_real-eps-converted-to.p
df used on input line 43.
(pdftex.def)             Requested size: 210.70462pt x 165.28787pt.
Package epstopdf Info: Source file: <images/part1/dft_spectra_acf_z_imag.eps>
(epstopdf)                    date: 2017-02-03 15:13:47
(epstopdf)                    size: 26978 bytes
(epstopdf)             Output file: <images/part1/dft_spectra_acf_z_imag-eps-co
nverted-to.pdf>
(epstopdf)                    date: 2017-02-03 15:13:58
(epstopdf)                    size: 9953 bytes
(epstopdf)             Command: <repstopdf --outfile=images/part1/dft_spectra_a
cf_z_imag-eps-converted-to.pdf images/part1/dft_spectra_acf_z_imag.eps>
(epstopdf)             \includegraphics on input line 44.
Package epstopdf Info: Output file is already uptodate.

<images/part1/dft_spectra_acf_z_imag-eps-converted-to.pdf, id=106, 852.18375pt 
x 668.4975pt>
File: images/part1/dft_spectra_acf_z_imag-eps-converted-to.pdf Graphic file (ty
pe pdf)
 <use images/part1/dft_spectra_acf_z_imag-eps-converted-to.pdf>
Package pdftex.def Info: images/part1/dft_spectra_acf_z_imag-eps-converted-to.p
df used on input line 44.
(pdftex.def)             Requested size: 210.70462pt x 165.28787pt.
Package epstopdf Info: Source file: <images/part1/acf_z_psd_without_imag.eps>
(epstopdf)                    date: 2017-02-03 15:14:27
(epstopdf)                    size: 25445 bytes
(epstopdf)             Output file: <images/part1/acf_z_psd_without_imag-eps-co
nverted-to.pdf>
(epstopdf)                    date: 2017-02-03 15:13:59
(epstopdf)                    size: 10239 bytes
(epstopdf)             Command: <repstopdf --outfile=images/part1/acf_z_psd_wit
hout_imag-eps-converted-to.pdf images/part1/acf_z_psd_without_imag.eps>
(epstopdf)             \includegraphics on input line 45.
runsystem(repstopdf --outfile=images/part1/acf_z_psd_without_imag-eps-converted
-to.pdf images/part1/acf_z_psd_without_imag.eps)...executed safely (allowed).

Package epstopdf Info: Result file: <images/part1/acf_z_psd_without_imag-eps-co
nverted-to.pdf>
(epstopdf)                    date: 2017-02-03 15:14:45
(epstopdf)                    size: 10201 bytes.

<images/part1/acf_z_psd_without_imag-eps-converted-to.pdf, id=107, 844.15375pt 
x 668.4975pt>
File: images/part1/acf_z_psd_without_imag-eps-converted-to.pdf Graphic file (ty
pe pdf)
 <use images/part1/acf_z_psd_without_imag-eps-converted-to.pdf>
Package pdftex.def Info: images/part1/acf_z_psd_without_imag-eps-converted-to.p
df used on input line 45.
(pdftex.def)             Requested size: 210.70462pt x 166.85875pt.
Package epstopdf Info: Source file: <images/part1/acf_z_psd_with_imag.eps>
(epstopdf)                    date: 2017-02-03 15:13:54
(epstopdf)                    size: 25461 bytes
(epstopdf)             Output file: <images/part1/acf_z_psd_with_imag-eps-conve
rted-to.pdf>
(epstopdf)                    date: 2017-02-03 15:13:59
(epstopdf)                    size: 10122 bytes
(epstopdf)             Command: <repstopdf --outfile=images/part1/acf_z_psd_wit
h_imag-eps-converted-to.pdf images/part1/acf_z_psd_with_imag.eps>
(epstopdf)             \includegraphics on input line 46.
Package epstopdf Info: Output file is already uptodate.

<images/part1/acf_z_psd_with_imag-eps-converted-to.pdf, id=108, 844.15375pt x 6
68.4975pt>
File: images/part1/acf_z_psd_with_imag-eps-converted-to.pdf Graphic file (type 
pdf)
 <use images/part1/acf_z_psd_with_imag-eps-converted-to.pdf>
Package pdftex.def Info: images/part1/acf_z_psd_with_imag-eps-converted-to.pdf 
used on input line 46.
(pdftex.def)             Requested size: 210.70462pt x 166.85875pt.
 [5 <./images/part1/dft_spectra_acf_x_real-eps-converted-to.pdf> <./images/part
1/dft_spectra_acf_x_imag-eps-converted-to.pdf>]) [6 <./images/part1/dft_spectra
_acf_z_real-eps-converted-to.pdf> <./images/part1/dft_spectra_acf_z_imag-eps-co
nverted-to.pdf> <./images/part1/acf_z_psd_without_imag-eps-converted-to.pdf> <.
/images/part1/acf_z_psd_with_imag-eps-converted-to.pdf>] (./aspmi.aux (./tex/ti
tle.aux)
(./tex/contentspage.aux) (./tex/part1.aux)) ) 
Here is how much of TeX's memory you used:
 2127 strings out of 493014
 34403 string characters out of 6133351
 94944 words of memory out of 5000000
 5628 multiletter control sequences out of 15000+600000
 3640 words of font info for 14 fonts, out of 8000000 for 9000
 1141 hyphenation exceptions out of 8191
 37i,5n,25p,241b,224s stack positions out of 5000i,500n,10000p,200000b,80000s
</usr/local/texlive/2016/texmf-dis
t/fonts/type1/public/amsfonts/cm/cmr10.pfb>
Output written on aspmi.pdf (5 pages, 182733 bytes).
PDF statistics:
 169 PDF objects out of 1000 (max. 8388607)
 111 compressed objects within 2 object streams
 0 named destinations out of 1000 (max. 500000)
 81 words of extra memory for PDF output out of 10000 (max. 10000000)

