This is pdfTeX, Version 3.14159265-2.6-1.40.17 (TeX Live 2016) (preloaded format=pdflatex 2017.1.21)  3 FEB 2017 11:49
entering extended mode
 restricted \write18 enabled.
 %&-line parsing enabled.
**title.tex
(./title.tex
LaTeX2e <2016/03/31>
Babel <3.9r> and hyphenation patterns for 83 language(s) loaded.

! LaTeX Error: Environment titlepage undefined.

See the LaTeX manual or LaTeX Companion for explanation.
Type  H <return>  for immediate help.
 ...                                              
                                                  
l.1 \begin{titlepage}
                     
Your command was ignored.
Type  I <command> <return>  to replace it with another command,
or  <return>  to continue without it.


! LaTeX Error: Missing \begin{document}.

See the LaTeX manual or LaTeX Companion for explanation.
Type  H <return>  for immediate help.
 ...                                              
                                                  
l.4 \center
           
You're in trouble here.  Try typing  <return>  to proceed.
If that doesn't work, type  X <return>  to quit.


Overfull \hbox (20.0pt too wide) in paragraph at lines 4--4
[] 
 []

! Undefined control sequence.
<recently read> \LARGE 
                       
l.6 \textsc{\LARGE IMPERIAL COLLEGE LONDON}
                                           \\[1cm]
The control sequence at the end of the top line
of your error message was never \def'ed. If you have
misspelled it (e.g., `\hobx'), type `I' and the correct
spelling (e.g., `I\hbox'). Otherwise just continue,
and I'll forget about whatever was undefined.


Overfull \hbox (55.80493pt too wide) in paragraph at lines 6--6
 \OT1/cmr/m/sc/10 IMPERIAL 
 []


Overfull \hbox (26.91641pt too wide) in paragraph at lines 6--6
 \OT1/cmr/m/sc/10 COL- 
 []


Overfull \hbox (30.18024pt too wide) in paragraph at lines 6--6
 \OT1/cmr/m/sc/10 LEGE 
 []


Overfull \hbox (27.19418pt too wide) in paragraph at lines 6--6
 \OT1/cmr/m/sc/10 LON- 
 []


Overfull \hbox (24.87477pt too wide) in paragraph at lines 6--6
 \OT1/cmr/m/sc/10 DON 
 []

! Undefined control sequence.
l.9 { \large
             \bfseries Advanced Signal Processing and Machine Intelligence}\...
The control sequence at the end of the top line
of your error message was never \def'ed. If you have
misspelled it (e.g., `\hobx'), type `I' and the correct
spelling (e.g., `I\hbox'). Otherwise just continue,
and I'll forget about whatever was undefined.


Overfull \hbox (49.26361pt too wide) in paragraph at lines 9--9
 []\OT1/cmr/bx/n/10 Advanced 
 []


Overfull \hbox (19.16656pt too wide) in paragraph at lines 9--9
 \OT1/cmr/bx/n/10 Sig- 
 []


Overfull \hbox (15.17351pt too wide) in paragraph at lines 9--9
 \OT1/cmr/bx/n/10 nal 
 []


Overfull \hbox (22.18045pt too wide) in paragraph at lines 9--9
 \OT1/cmr/bx/n/10 Pro- 
 []


Overfull \hbox (23.28735pt too wide) in paragraph at lines 9--9
 \OT1/cmr/bx/n/10 cess- 
 []


Overfull \hbox (15.33325pt too wide) in paragraph at lines 9--9
 \OT1/cmr/bx/n/10 ing 
 []


Overfull \hbox (18.36794pt too wide) in paragraph at lines 9--9
 \OT1/cmr/bx/n/10 and 
 []


Overfull \hbox (20.34015pt too wide) in paragraph at lines 9--9
 \OT1/cmr/bx/n/10 Ma- 
 []


Overfull \hbox (26.03459pt too wide) in paragraph at lines 9--9
 \OT1/cmr/bx/n/10 chine 
 []


Overfull \hbox (14.58325pt too wide) in paragraph at lines 9--9
 \OT1/cmr/bx/n/10 In- 
 []


Overfull \hbox (16.77075pt too wide) in paragraph at lines 9--9
 \OT1/cmr/bx/n/10 tel- 
 []


Overfull \hbox (10.22217pt too wide) in paragraph at lines 9--9
 \OT1/cmr/bx/n/10 li- 
 []


Overfull \hbox (27.79153pt too wide) in paragraph at lines 9--9
 \OT1/cmr/bx/n/10 gence 
 []

! Undefined control sequence.
l.14 \begin{flushleft} \large
                             
The control sequence at the end of the top line
of your error message was never \def'ed. If you have
misspelled it (e.g., `\hobx'), type `I' and the correct
spelling (e.g., `I\hbox'). Otherwise just continue,
and I'll forget about whatever was undefined.

Missing character: There is no P in font nullfont!
Missing character: There is no r in font nullfont!
Missing character: There is no a in font nullfont!
Missing character: There is no n in font nullfont!
Missing character: There is no a in font nullfont!
Missing character: There is no v in font nullfont!
Missing character: There is no C in font nullfont!
Missing character: There is no I in font nullfont!
Missing character: There is no D in font nullfont!
Missing character: There is no : in font nullfont!
Missing character: There is no 0 in font nullfont!
Missing character: There is no 0 in font nullfont!
Missing character: There is no 8 in font nullfont!
Missing character: There is no 2 in font nullfont!
Missing character: There is no 3 in font nullfont!
Missing character: There is no 6 in font nullfont!
Missing character: There is no 1 in font nullfont!
Missing character: There is no 7 in font nullfont!
Missing character: There is no E in font nullfont!
Missing character: There is no m in font nullfont!
Missing character: There is no a in font nullfont!
Missing character: There is no i in font nullfont!
Missing character: There is no l in font nullfont!
Missing character: There is no : in font nullfont!
Missing character: There is no p in font nullfont!
Missing character: There is no m in font nullfont!
Missing character: There is no 1 in font nullfont!
Missing character: There is no 1 in font nullfont!
Missing character: There is no 1 in font nullfont!
Missing character: There is no 3 in font nullfont!
Missing character: There is no @ in font nullfont!
Missing character: There is no i in font nullfont!
Missing character: There is no c in font nullfont!
Missing character: There is no . in font nullfont!
Missing character: There is no a in font nullfont!
Missing character: There is no c in font nullfont!
Missing character: There is no . in font nullfont!
Missing character: There is no u in font nullfont!
Missing character: There is no k in font nullfont!
LaTeX Font Info:    External font `cmex10' loaded for size
(Font)              <7> on input line 20.
LaTeX Font Info:    External font `cmex10' loaded for size
(Font)              <5> on input line 20.
! Undefined control sequence.
l.23 \begin{flushright} \large
                              
The control sequence at the end of the top line
of your error message was never \def'ed. If you have
misspelled it (e.g., `\hobx'), type `I' and the correct
spelling (e.g., `I\hbox'). Otherwise just continue,
and I'll forget about whatever was undefined.

Missing character: There is no P in font nullfont!
Missing character: There is no r in font nullfont!
Missing character: There is no o in font nullfont!
Missing character: There is no f in font nullfont!
Missing character: There is no . in font nullfont!
Missing character: There is no D in font nullfont!
Missing character: There is no a in font nullfont!
Missing character: There is no n in font nullfont!
Missing character: There is no i in font nullfont!
Missing character: There is no l in font nullfont!
Missing character: There is no o in font nullfont!
Missing character: There is no P in font nullfont!
Missing character: There is no . in font nullfont!

Overfull \hbox (3276.74998pt too wide) in paragraph at lines 13--27
 []$[]$ 
 []


Overfull \hbox (3276.74998pt too wide) in paragraph at lines 13--27
 []$ 
 []

! Undefined control sequence.
l.29 {\large
             \today}\\[2cm]
The control sequence at the end of the top line
of your error message was never \def'ed. If you have
misspelled it (e.g., `\hobx'), type `I' and the correct
spelling (e.g., `I\hbox'). Otherwise just continue,
and I'll forget about whatever was undefined.

! Undefined control sequence.
l.29 {\large \today
                   }\\[2cm]
The control sequence at the end of the top line
of your error message was never \def'ed. If you have
misspelled it (e.g., `\hobx'), type `I' and the correct
spelling (e.g., `I\hbox'). Otherwise just continue,
and I'll forget about whatever was undefined.


! LaTeX Error: There's no line here to end.

See the LaTeX manual or LaTeX Companion for explanation.
Type  H <return>  for immediate help.
 ...                                              
                                                  
l.29 {\large \today}\\
                      [2cm]
Your command was ignored.
Type  I <command> <return>  to replace it with another command,
or  <return>  to continue without it.

! Undefined control sequence.
l.31 \includegraphics
                     [scale=0.06]{logo}
The control sequence at the end of the top line
of your error message was never \def'ed. If you have
misspelled it (e.g., `\hobx'), type `I' and the correct
spelling (e.g., `I\hbox'). Otherwise just continue,
and I'll forget about whatever was undefined.

Missing character: There is no [ in font nullfont!
Missing character: There is no s in font nullfont!
Missing character: There is no c in font nullfont!
Missing character: There is no a in font nullfont!
Missing character: There is no l in font nullfont!
Missing character: There is no e in font nullfont!
Missing character: There is no = in font nullfont!
Missing character: There is no 0 in font nullfont!
Missing character: There is no . in font nullfont!
Missing character: There is no 0 in font nullfont!
Missing character: There is no 6 in font nullfont!
Missing character: There is no ] in font nullfont!
Missing character: There is no l in font nullfont!
Missing character: There is no o in font nullfont!
Missing character: There is no g in font nullfont!
Missing character: There is no o in font nullfont!

! LaTeX Error: \begin{document} ended by \end{titlepage}.

See the LaTeX manual or LaTeX Companion for explanation.
Type  H <return>  for immediate help.
 ...                                              
                                                  
l.34 \end{titlepage}
                    
Your command was ignored.
Type  I <command> <return>  to replace it with another command,
or  <return>  to continue without it.

)
! Emergency stop.
<*> title.tex
             
*** (job aborted, no legal \end found)

 
Here is how much of TeX's memory you used:
 17 strings out of 493014
 241 string characters out of 6133351
 54601 words of memory out of 5000000
 3658 multiletter control sequences out of 15000+600000
 4595 words of font info for 17 fonts, out of 8000000 for 9000
 1141 hyphenation exceptions out of 8191
 20i,3n,18p,108b,219s stack positions out of 5000i,500n,10000p,200000b,80000s
!  ==> Fatal error occurred, no output PDF file produced!
